Traceback (most recent call last):
  File "/usr/share/miniconda/lib/python3.9/site-packages/jupyter_cache/executors/utils.py", line 51, in single_nb_execution
    executenb(
  File "/usr/share/miniconda/lib/python3.9/site-packages/nbclient/client.py", line 1204, in execute
    return NotebookClient(nb=nb, resources=resources, km=km, **kwargs).execute()
  File "/usr/share/miniconda/lib/python3.9/site-packages/nbclient/util.py", line 84, in wrapped
    return just_run(coro(*args, **kwargs))
  File "/usr/share/miniconda/lib/python3.9/site-packages/nbclient/util.py", line 62, in just_run
    return loop.run_until_complete(coro)
  File "/usr/share/miniconda/lib/python3.9/asyncio/base_events.py", line 647, in run_until_complete
    return future.result()
  File "/usr/share/miniconda/lib/python3.9/site-packages/nbclient/client.py", line 663, in async_execute
    await self.async_execute_cell(
  File "/usr/share/miniconda/lib/python3.9/site-packages/nbclient/client.py", line 965, in async_execute_cell
    await self._check_raise_for_error(cell, cell_index, exec_reply)
  File "/usr/share/miniconda/lib/python3.9/site-packages/nbclient/client.py", line 862, in _check_raise_for_error
    raise CellExecutionError.from_cell_and_msg(cell, exec_reply_content)
nbclient.exceptions.CellExecutionError: An error occurred while executing the following cell:
------------------
fig = plt.figure(figsize=(12, 9))
grid = gs.GridSpec(2,2)
plt.rcParams.update({'font.size': 12})

i = 0
for q in np.arange(8,12):
    x,y = np.unravel_index(i, (2,2))
    tpf = lk.search_targetpixelfile('KIC 2437394', quarter=q).download()
    ax = plt.subplot(grid[x,y], projection=tpf.wcs)
    tpf.plot(ax=ax, title=f'Quarter {q}', xlabel=' ', ylabel=' ')
    i+=1

fig.text(0, 0.5, 'Dec', ha='center', rotation='vertical', size=20)
fig.text(0.5, 0, 'RA', ha='center', size=20)
------------------

[0;31m---------------------------------------------------------------------------[0m
[0;31mHTTPError[0m                                 Traceback (most recent call last)
Cell [0;32mIn [2], line 8[0m
[1;32m      6[0m [38;5;28;01mfor[39;00m q [38;5;129;01min[39;00m np[38;5;241m.[39marange([38;5;241m8[39m,[38;5;241m12[39m):
[1;32m      7[0m     x,y [38;5;241m=[39m np[38;5;241m.[39munravel_index(i, ([38;5;241m2[39m,[38;5;241m2[39m))
[0;32m----> 8[0m     tpf [38;5;241m=[39m [43mlk[49m[38;5;241;43m.[39;49m[43msearch_targetpixelfile[49m[43m([49m[38;5;124;43m'[39;49m[38;5;124;43mKIC 2437394[39;49m[38;5;124;43m'[39;49m[43m,[49m[43m [49m[43mquarter[49m[38;5;241;43m=[39;49m[43mq[49m[43m)[49m[38;5;241m.[39mdownload()
[1;32m      9[0m     ax [38;5;241m=[39m plt[38;5;241m.[39msubplot(grid[x,y], projection[38;5;241m=[39mtpf[38;5;241m.[39mwcs)
[1;32m     10[0m     tpf[38;5;241m.[39mplot(ax[38;5;241m=[39max, title[38;5;241m=[39m[38;5;124mf[39m[38;5;124m'[39m[38;5;124mQuarter [39m[38;5;132;01m{[39;00mq[38;5;132;01m}[39;00m[38;5;124m'[39m, xlabel[38;5;241m=[39m[38;5;124m'[39m[38;5;124m [39m[38;5;124m'[39m, ylabel[38;5;241m=[39m[38;5;124m'[39m[38;5;124m [39m[38;5;124m'[39m)

File [0;32m/usr/share/miniconda/lib/python3.9/site-packages/memoization/caching/plain_cache.py:42[0m, in [0;36mget_caching_wrapper.<locals>.wrapper[0;34m(*args, **kwargs)[0m
[1;32m     40[0m [38;5;28;01mwith[39;00m lock:
[1;32m     41[0m     misses [38;5;241m+[39m[38;5;241m=[39m [38;5;241m1[39m
[0;32m---> 42[0m result [38;5;241m=[39m [43muser_function[49m[43m([49m[38;5;241;43m*[39;49m[43margs[49m[43m,[49m[43m [49m[38;5;241;43m*[39;49m[38;5;241;43m*[39;49m[43mkwargs[49m[43m)[49m
[1;32m     43[0m cache[key] [38;5;241m=[39m values_toolkit[38;5;241m.[39mmake_cache_value(result, ttl)
[1;32m     44[0m key_argument_map[key] [38;5;241m=[39m (args, kwargs)

File [0;32m/usr/share/miniconda/lib/python3.9/site-packages/lightkurve/search.py:704[0m, in [0;36msearch_targetpixelfile[0;34m(target, radius, exptime, cadence, mission, author, quarter, month, campaign, sector, limit)[0m
[1;32m    614[0m [38;5;124;03m"""Search the `MAST data archive <https://archive.stsci.edu>`_ for target pixel files.[39;00m
[1;32m    615[0m 
[1;32m    616[0m [38;5;124;03mThis function fetches a data table that lists the Target Pixel Files (TPFs)[39;00m
[0;32m   (...)[0m
[1;32m    701[0m [38;5;124;03m    >>> search_targetpixelfile('Kepler-10', radius=100, quarter=4).download_all()  # doctest: +SKIP[39;00m
[1;32m    702[0m [38;5;124;03m"""[39;00m
[1;32m    703[0m [38;5;28;01mtry[39;00m:
[0;32m--> 704[0m     [38;5;28;01mreturn[39;00m [43m_search_products[49m[43m([49m
[1;32m    705[0m [43m        [49m[43mtarget[49m[43m,[49m
[1;32m    706[0m [43m        [49m[43mradius[49m[38;5;241;43m=[39;49m[43mradius[49m[43m,[49m
[1;32m    707[0m [43m        [49m[43mfiletype[49m[38;5;241;43m=[39;49m[38;5;124;43m"[39;49m[38;5;124;43mTarget Pixel[39;49m[38;5;124;43m"[39;49m[43m,[49m
[1;32m    708[0m [43m        [49m[43mexptime[49m[38;5;241;43m=[39;49m[43mexptime[49m[43m [49m[38;5;129;43;01mor[39;49;00m[43m [49m[43mcadence[49m[43m,[49m
[1;32m    709[0m [43m        [49m[43mmission[49m[38;5;241;43m=[39;49m[43mmission[49m[43m,[49m
[1;32m    710[0m [43m        [49m[43mprovenance_name[49m[38;5;241;43m=[39;49m[43mauthor[49m[43m,[49m
[1;32m    711[0m [43m        [49m[43mquarter[49m[38;5;241;43m=[39;49m[43mquarter[49m[43m,[49m
[1;32m    712[0m [43m        [49m[43mmonth[49m[38;5;241;43m=[39;49m[43mmonth[49m[43m,[49m
[1;32m    713[0m [43m        [49m[43mcampaign[49m[38;5;241;43m=[39;49m[43mcampaign[49m[43m,[49m
[1;32m    714[0m [43m        [49m[43msector[49m[38;5;241;43m=[39;49m[43msector[49m[43m,[49m
[1;32m    715[0m [43m        [49m[43mlimit[49m[38;5;241;43m=[39;49m[43mlimit[49m[43m,[49m
[1;32m    716[0m [43m    [49m[43m)[49m
[1;32m    717[0m [38;5;28;01mexcept[39;00m SearchError [38;5;28;01mas[39;00m exc:
[1;32m    718[0m     log[38;5;241m.[39merror(exc)

File [0;32m/usr/share/miniconda/lib/python3.9/site-packages/lightkurve/search.py:991[0m, in [0;36m_search_products[0;34m(target, radius, filetype, mission, provenance_name, exptime, quarter, month, campaign, sector, limit, **extra_query_criteria)[0m
[1;32m    989[0m [38;5;28;01mif[39;00m filetype[38;5;241m.[39mlower() [38;5;241m==[39m [38;5;124m"[39m[38;5;124mffi[39m[38;5;124m"[39m [38;5;129;01mand[39;00m radius [38;5;129;01mis[39;00m [38;5;28;01mNone[39;00m:
[1;32m    990[0m     radius [38;5;241m=[39m [38;5;241m0.0001[39m [38;5;241m*[39m u[38;5;241m.[39marcsec
[0;32m--> 991[0m observations [38;5;241m=[39m [43m_query_mast[49m[43m([49m
[1;32m    992[0m [43m    [49m[43mtarget[49m[43m,[49m
[1;32m    993[0m [43m    [49m[43mradius[49m[38;5;241;43m=[39;49m[43mradius[49m[43m,[49m
[1;32m    994[0m [43m    [49m[43mproject[49m[38;5;241;43m=[39;49m[43mmission[49m[43m,[49m
[1;32m    995[0m [43m    [49m[43mprovenance_name[49m[38;5;241;43m=[39;49m[43mprovenance_name[49m[43m,[49m
[1;32m    996[0m [43m    [49m[43mexptime[49m[38;5;241;43m=[39;49m[43mexptime[49m[43m,[49m
[1;32m    997[0m [43m    [49m[43msequence_number[49m[38;5;241;43m=[39;49m[43mcampaign[49m[43m [49m[38;5;129;43;01mor[39;49;00m[43m [49m[43msector[49m[43m,[49m
[1;32m    998[0m [43m    [49m[38;5;241;43m*[39;49m[38;5;241;43m*[39;49m[43mextra_query_criteria[49m[43m,[49m
[1;32m    999[0m [43m[49m[43m)[49m
[1;32m   1000[0m log[38;5;241m.[39mdebug(
[1;32m   1001[0m     [38;5;124m"[39m[38;5;124mMAST found [39m[38;5;132;01m{}[39;00m[38;5;124m observations. [39m[38;5;124m"[39m
[1;32m   1002[0m     [38;5;124m"[39m[38;5;124mNow querying MAST for the corresponding data products.[39m[38;5;124m"[39m
[1;32m   1003[0m     [38;5;124m"[39m[38;5;124m"[39m[38;5;241m.[39mformat([38;5;28mlen[39m(observations))
[1;32m   1004[0m )
[1;32m   1005[0m [38;5;28;01mif[39;00m [38;5;28mlen[39m(observations) [38;5;241m==[39m [38;5;241m0[39m:

File [0;32m/usr/share/miniconda/lib/python3.9/site-packages/lightkurve/search.py:1189[0m, in [0;36m_query_mast[0;34m(target, radius, project, provenance_name, exptime, sequence_number, **extra_query_criteria)[0m
[1;32m   1187[0m     warnings[38;5;241m.[39mfilterwarnings([38;5;124m"[39m[38;5;124mignore[39m[38;5;124m"[39m, category[38;5;241m=[39mNoResultsWarning)
[1;32m   1188[0m     warnings[38;5;241m.[39mfilterwarnings([38;5;124m"[39m[38;5;124mignore[39m[38;5;124m"[39m, message[38;5;241m=[39m[38;5;124m"[39m[38;5;124mt_exptime is continuous[39m[38;5;124m"[39m)
[0;32m-> 1189[0m     obs [38;5;241m=[39m [43mObservations[49m[38;5;241;43m.[39;49m[43mquery_criteria[49m[43m([49m
[1;32m   1190[0m [43m        [49m[43mtarget_name[49m[38;5;241;43m=[39;49m[43mexact_target_name[49m[43m,[49m[43m [49m[38;5;241;43m*[39;49m[38;5;241;43m*[39;49m[43mquery_criteria[49m
[1;32m   1191[0m [43m    [49m[43m)[49m
[1;32m   1192[0m [38;5;28;01mif[39;00m [38;5;28mlen[39m(obs) [38;5;241m>[39m [38;5;241m0[39m:
[1;32m   1193[0m     [38;5;66;03m# We use `exptime` as an alias for `t_exptime`[39;00m
[1;32m   1194[0m     obs[[38;5;124m"[39m[38;5;124mexptime[39m[38;5;124m"[39m] [38;5;241m=[39m obs[[38;5;124m"[39m[38;5;124mt_exptime[39m[38;5;124m"[39m]

File [0;32m/usr/share/miniconda/lib/python3.9/site-packages/astroquery/utils/class_or_instance.py:25[0m, in [0;36mclass_or_instance.__get__.<locals>.f[0;34m(*args, **kwds)[0m
[1;32m     23[0m [38;5;28;01mdef[39;00m [38;5;21mf[39m([38;5;241m*[39margs, [38;5;241m*[39m[38;5;241m*[39mkwds):
[1;32m     24[0m     [38;5;28;01mif[39;00m obj [38;5;129;01mis[39;00m [38;5;129;01mnot[39;00m [38;5;28;01mNone[39;00m:
[0;32m---> 25[0m         [38;5;28;01mreturn[39;00m [38;5;28;43mself[39;49m[38;5;241;43m.[39;49m[43mfn[49m[43m([49m[43mobj[49m[43m,[49m[43m [49m[38;5;241;43m*[39;49m[43margs[49m[43m,[49m[43m [49m[38;5;241;43m*[39;49m[38;5;241;43m*[39;49m[43mkwds[49m[43m)[49m
[1;32m     26[0m     [38;5;28;01melse[39;00m:
[1;32m     27[0m         [38;5;28;01mreturn[39;00m [38;5;28mself[39m[38;5;241m.[39mfn([38;5;28mcls[39m, [38;5;241m*[39margs, [38;5;241m*[39m[38;5;241m*[39mkwds)

File [0;32m/usr/share/miniconda/lib/python3.9/site-packages/astroquery/utils/process_asyncs.py:26[0m, in [0;36masync_to_sync.<locals>.create_method.<locals>.newmethod[0;34m(self, *args, **kwargs)[0m
[1;32m     22[0m [38;5;129m@class_or_instance[39m
[1;32m     23[0m [38;5;28;01mdef[39;00m [38;5;21mnewmethod[39m([38;5;28mself[39m, [38;5;241m*[39margs, [38;5;241m*[39m[38;5;241m*[39mkwargs):
[1;32m     24[0m     verbose [38;5;241m=[39m kwargs[38;5;241m.[39mpop([38;5;124m'[39m[38;5;124mverbose[39m[38;5;124m'[39m, [38;5;28;01mFalse[39;00m)
[0;32m---> 26[0m     response [38;5;241m=[39m [38;5;28;43mgetattr[39;49m[43m([49m[38;5;28;43mself[39;49m[43m,[49m[43m [49m[43masync_method_name[49m[43m)[49m[43m([49m[38;5;241;43m*[39;49m[43margs[49m[43m,[49m[43m [49m[38;5;241;43m*[39;49m[38;5;241;43m*[39;49m[43mkwargs[49m[43m)[49m
[1;32m     27[0m     [38;5;28;01mif[39;00m kwargs[38;5;241m.[39mget([38;5;124m'[39m[38;5;124mget_query_payload[39m[38;5;124m'[39m) [38;5;129;01mor[39;00m kwargs[38;5;241m.[39mget([38;5;124m'[39m[38;5;124mfield_help[39m[38;5;124m'[39m):
[1;32m     28[0m         [38;5;28;01mreturn[39;00m response

File [0;32m/usr/share/miniconda/lib/python3.9/site-packages/astroquery/utils/class_or_instance.py:25[0m, in [0;36mclass_or_instance.__get__.<locals>.f[0;34m(*args, **kwds)[0m
[1;32m     23[0m [38;5;28;01mdef[39;00m [38;5;21mf[39m([38;5;241m*[39margs, [38;5;241m*[39m[38;5;241m*[39mkwds):
[1;32m     24[0m     [38;5;28;01mif[39;00m obj [38;5;129;01mis[39;00m [38;5;129;01mnot[39;00m [38;5;28;01mNone[39;00m:
[0;32m---> 25[0m         [38;5;28;01mreturn[39;00m [38;5;28;43mself[39;49m[38;5;241;43m.[39;49m[43mfn[49m[43m([49m[43mobj[49m[43m,[49m[43m [49m[38;5;241;43m*[39;49m[43margs[49m[43m,[49m[43m [49m[38;5;241;43m*[39;49m[38;5;241;43m*[39;49m[43mkwds[49m[43m)[49m
[1;32m     26[0m     [38;5;28;01melse[39;00m:
[1;32m     27[0m         [38;5;28;01mreturn[39;00m [38;5;28mself[39m[38;5;241m.[39mfn([38;5;28mcls[39m, [38;5;241m*[39margs, [38;5;241m*[39m[38;5;241m*[39mkwds)

File [0;32m/usr/share/miniconda/lib/python3.9/site-packages/astroquery/mast/observations.py:288[0m, in [0;36mObservationsClass.query_criteria_async[0;34m(self, pagesize, page, **criteria)[0m
[1;32m    257[0m [38;5;129m@class_or_instance[39m
[1;32m    258[0m [38;5;28;01mdef[39;00m [38;5;21mquery_criteria_async[39m([38;5;28mself[39m, [38;5;241m*[39m, pagesize[38;5;241m=[39m[38;5;28;01mNone[39;00m, page[38;5;241m=[39m[38;5;28;01mNone[39;00m, [38;5;241m*[39m[38;5;241m*[39mcriteria):
[1;32m    259[0m     [38;5;124;03m"""[39;00m
[1;32m    260[0m [38;5;124;03m    Given an set of criteria, returns a list of MAST observations.[39;00m
[1;32m    261[0m [38;5;124;03m    Valid criteria are returned by ``get_metadata("observations")``[39;00m
[0;32m   (...)[0m
[1;32m    285[0m [38;5;124;03m    response : list of `~requests.Response`[39;00m
[1;32m    286[0m [38;5;124;03m    """[39;00m
[0;32m--> 288[0m     position, mashup_filters [38;5;241m=[39m [38;5;28;43mself[39;49m[38;5;241;43m.[39;49m[43m_parse_caom_criteria[49m[43m([49m[38;5;241;43m*[39;49m[38;5;241;43m*[39;49m[43mcriteria[49m[43m)[49m
[1;32m    290[0m     [38;5;28;01mif[39;00m [38;5;129;01mnot[39;00m mashup_filters:
[1;32m    291[0m         [38;5;28;01mraise[39;00m InvalidQueryError([38;5;124m"[39m[38;5;124mAt least one non-positional criterion must be supplied.[39m[38;5;124m"[39m)

File [0;32m/usr/share/miniconda/lib/python3.9/site-packages/astroquery/mast/observations.py:165[0m, in [0;36mObservationsClass._parse_caom_criteria[0;34m(self, **criteria)[0m
[1;32m    163[0m     coordinates [38;5;241m=[39m utils[38;5;241m.[39mparse_input_location(coordinates, objectname)
[1;32m    164[0m [38;5;28;01melse[39;00m:
[0;32m--> 165[0m     mashup_filters [38;5;241m=[39m [38;5;28;43mself[39;49m[38;5;241;43m.[39;49m[43m_portal_api_connection[49m[38;5;241;43m.[39;49m[43mbuild_filter_set[49m[43m([49m[38;5;28;43mself[39;49m[38;5;241;43m.[39;49m[43m_caom_cone[49m[43m,[49m
[1;32m    166[0m [43m                                                    [49m[38;5;28;43mself[39;49m[38;5;241;43m.[39;49m[43m_caom_filtered[49m[43m,[49m
[1;32m    167[0m [43m                                                    [49m[38;5;241;43m*[39;49m[38;5;241;43m*[39;49m[43mcriteria[49m[43m)[49m
[1;32m    169[0m [38;5;66;03m# handle position info (if any)[39;00m
[1;32m    170[0m position [38;5;241m=[39m [38;5;28;01mNone[39;00m

File [0;32m/usr/share/miniconda/lib/python3.9/site-packages/astroquery/mast/discovery_portal.py:396[0m, in [0;36mPortalAPI.build_filter_set[0;34m(self, column_config_name, service_name, **filters)[0m
[1;32m    393[0m     service_name [38;5;241m=[39m column_config_name
[1;32m    395[0m [38;5;28;01mif[39;00m [38;5;129;01mnot[39;00m [38;5;28mself[39m[38;5;241m.[39m_column_configs[38;5;241m.[39mget(service_name):
[0;32m--> 396[0m     [38;5;28;43mself[39;49m[38;5;241;43m.[39;49m[43m_get_col_config[49m[43m([49m[43mservice_name[49m[43m,[49m[43m [49m[43mfetch_name[49m[38;5;241;43m=[39;49m[43mcolumn_config_name[49m[43m)[49m
[1;32m    398[0m caom_col_config [38;5;241m=[39m [38;5;28mself[39m[38;5;241m.[39m_column_configs[service_name]
[1;32m    400[0m mashup_filters [38;5;241m=[39m []

File [0;32m/usr/share/miniconda/lib/python3.9/site-packages/astroquery/mast/discovery_portal.py:234[0m, in [0;36mPortalAPI._get_col_config[0;34m(self, service, fetch_name)[0m
[1;32m    228[0m     fetch_name [38;5;241m=[39m service
[1;32m    230[0m headers [38;5;241m=[39m {[38;5;124m"[39m[38;5;124mUser-Agent[39m[38;5;124m"[39m: [38;5;28mself[39m[38;5;241m.[39m_session[38;5;241m.[39mheaders[[38;5;124m"[39m[38;5;124mUser-Agent[39m[38;5;124m"[39m],
[1;32m    231[0m            [38;5;124m"[39m[38;5;124mContent-type[39m[38;5;124m"[39m: [38;5;124m"[39m[38;5;124mapplication/x-www-form-urlencoded[39m[38;5;124m"[39m,
[1;32m    232[0m            [38;5;124m"[39m[38;5;124mAccept[39m[38;5;124m"[39m: [38;5;124m"[39m[38;5;124mtext/plain[39m[38;5;124m"[39m}
[0;32m--> 234[0m response [38;5;241m=[39m [38;5;28;43mself[39;49m[38;5;241;43m.[39;49m[43m_request[49m[43m([49m[38;5;124;43m"[39;49m[38;5;124;43mPOST[39;49m[38;5;124;43m"[39;49m[43m,[49m[43m [49m[38;5;28;43mself[39;49m[38;5;241;43m.[39;49m[43mCOLUMNS_CONFIG_URL[49m[43m,[49m
[1;32m    235[0m [43m                         [49m[43mdata[49m[38;5;241;43m=[39;49m[43m([49m[38;5;124;43m"[39;49m[38;5;124;43mcolConfigId=[39;49m[38;5;124;43m"[39;49m[38;5;241;43m+[39;49m[43mfetch_name[49m[43m)[49m[43m,[49m[43m [49m[43mheaders[49m[38;5;241;43m=[39;49m[43mheaders[49m[43m)[49m
[1;32m    237[0m [38;5;28mself[39m[38;5;241m.[39m_column_configs[service] [38;5;241m=[39m response[[38;5;241m0[39m][38;5;241m.[39mjson()
[1;32m    239[0m more [38;5;241m=[39m [38;5;28;01mFalse[39;00m  [38;5;66;03m# for some catalogs this is not enough information[39;00m

File [0;32m/usr/share/miniconda/lib/python3.9/site-packages/astroquery/mast/discovery_portal.py:190[0m, in [0;36mPortalAPI._request[0;34m(self, method, url, params, data, headers, files, stream, auth, retrieve_all)[0m
[1;32m    187[0m     [38;5;28;01mraise[39;00m [38;5;167;01mTimeoutError[39;00m([38;5;124m"[39m[38;5;124mTimeout limit of [39m[38;5;132;01m{}[39;00m[38;5;124m exceeded.[39m[38;5;124m"[39m[38;5;241m.[39mformat([38;5;28mself[39m[38;5;241m.[39mTIMEOUT))
[1;32m    189[0m [38;5;66;03m# Raising error based on HTTP status if necessary[39;00m
[0;32m--> 190[0m [43mresponse[49m[38;5;241;43m.[39;49m[43mraise_for_status[49m[43m([49m[43m)[49m
[1;32m    192[0m result [38;5;241m=[39m response[38;5;241m.[39mjson()
[1;32m    194[0m [38;5;28;01mif[39;00m [38;5;129;01mnot[39;00m result:  [38;5;66;03m# kind of hacky, but col_config service returns nothing if there is an error[39;00m

File [0;32m/usr/share/miniconda/lib/python3.9/site-packages/requests/models.py:960[0m, in [0;36mResponse.raise_for_status[0;34m(self)[0m
[1;32m    957[0m     http_error_msg [38;5;241m=[39m [38;5;124mu[39m[38;5;124m'[39m[38;5;132;01m%s[39;00m[38;5;124m Server Error: [39m[38;5;132;01m%s[39;00m[38;5;124m for url: [39m[38;5;132;01m%s[39;00m[38;5;124m'[39m [38;5;241m%[39m ([38;5;28mself[39m[38;5;241m.[39mstatus_code, reason, [38;5;28mself[39m[38;5;241m.[39murl)
[1;32m    959[0m [38;5;28;01mif[39;00m http_error_msg:
[0;32m--> 960[0m     [38;5;28;01mraise[39;00m HTTPError(http_error_msg, response[38;5;241m=[39m[38;5;28mself[39m)

[0;31mHTTPError[0m: 503 Server Error: Service Unavailable for url: https://mast.stsci.edu/portal/Mashup/Mashup.asmx/columnsconfig
HTTPError: 503 Server Error: Service Unavailable for url: https://mast.stsci.edu/portal/Mashup/Mashup.asmx/columnsconfig

